mode: set
github.com/nicholasjackson/smi-controller/sdk/api.go:12.17,13.24 1 0
github.com/nicholasjackson/smi-controller/sdk/api.go:19.2,19.20 1 0
github.com/nicholasjackson/smi-controller/sdk/api.go:13.24,17.3 1 0
github.com/nicholasjackson/smi-controller/sdk/api.go:24.47,26.2 1 1
github.com/nicholasjackson/smi-controller/sdk/api.go:28.35,30.2 1 1
github.com/nicholasjackson/smi-controller/sdk/v1Alpha2.go:46.56,48.2 1 1
github.com/nicholasjackson/smi-controller/sdk/v1Alpha2.go:57.24,62.9 2 1
github.com/nicholasjackson/smi-controller/sdk/v1Alpha2.go:68.2,68.45 1 1
github.com/nicholasjackson/smi-controller/sdk/v1Alpha2.go:62.9,65.3 2 1
github.com/nicholasjackson/smi-controller/sdk/v1Alpha2.go:76.24,81.9 2 0
github.com/nicholasjackson/smi-controller/sdk/v1Alpha2.go:87.2,87.45 1 0
github.com/nicholasjackson/smi-controller/sdk/v1Alpha2.go:81.9,84.3 2 0
github.com/nicholasjackson/smi-controller/controllers/traffictarget_controller.go:41.84,46.59 4 0
github.com/nicholasjackson/smi-controller/controllers/traffictarget_controller.go:54.2,57.46 2 0
github.com/nicholasjackson/smi-controller/controllers/traffictarget_controller.go:84.2,84.75 1 0
github.com/nicholasjackson/smi-controller/controllers/traffictarget_controller.go:46.59,52.3 2 0
github.com/nicholasjackson/smi-controller/controllers/traffictarget_controller.go:57.46,61.65 1 0
github.com/nicholasjackson/smi-controller/controllers/traffictarget_controller.go:61.65,63.61 2 0
github.com/nicholasjackson/smi-controller/controllers/traffictarget_controller.go:63.61,65.5 1 0
github.com/nicholasjackson/smi-controller/controllers/traffictarget_controller.go:67.8,69.64 1 0
github.com/nicholasjackson/smi-controller/controllers/traffictarget_controller.go:81.3,81.28 1 0
github.com/nicholasjackson/smi-controller/controllers/traffictarget_controller.go:69.64,75.61 3 0
github.com/nicholasjackson/smi-controller/controllers/traffictarget_controller.go:75.61,77.5 1 0
github.com/nicholasjackson/smi-controller/controllers/traffictarget_controller.go:87.76,91.2 1 0
github.com/nicholasjackson/smi-controller/controllers/traffictarget_controller.go:94.52,95.29 1 0
github.com/nicholasjackson/smi-controller/controllers/traffictarget_controller.go:100.2,100.14 1 0
github.com/nicholasjackson/smi-controller/controllers/traffictarget_controller.go:95.29,96.16 1 0
github.com/nicholasjackson/smi-controller/controllers/traffictarget_controller.go:96.16,98.4 1 0
github.com/nicholasjackson/smi-controller/controllers/traffictarget_controller.go:103.63,104.29 1 0
github.com/nicholasjackson/smi-controller/controllers/traffictarget_controller.go:110.2,110.8 1 0
github.com/nicholasjackson/smi-controller/controllers/traffictarget_controller.go:104.29,105.16 1 0
github.com/nicholasjackson/smi-controller/controllers/traffictarget_controller.go:108.3,108.32 1 0
github.com/nicholasjackson/smi-controller/controllers/traffictarget_controller.go:105.16,106.12 1 0
